# JRE version: Java(TM) SE Runtime Environment (8.0_77-b03) (build 1.8.0_77-b03)
# Java VM: Java HotSpot(TM) 64-Bit Server VM (25.77-b03 mixed mode windows-amd64 compressed oops)
Heap:
 PSYoungGen      total 99328K, used 34856K [0x00000000eaf80000, 0x00000000f1880000, 0x0000000100000000)
  eden space 91136K, 38% used [0x00000000eaf80000,0x00000000ed18a170,0x00000000f0880000)
  from space 8192K, 0% used [0x00000000f0880000,0x00000000f0880000,0x00000000f1080000)
  to   space 8192K, 0% used [0x00000000f1080000,0x00000000f1080000,0x00000000f1880000)
 ParOldGen       total 44032K, used 44025K [0x00000000c0e00000, 0x00000000c3900000, 0x00000000eaf80000)
  object space 44032K, 99% used [0x00000000c0e00000,0x00000000c38fe428,0x00000000c3900000)
 Metaspace       used 5565K, capacity 5784K, committed 6144K, reserved 1056768K
  class space    used 596K, capacity 649K, committed 768K, reserved 1048576K
GC Heap History (10 events):
Event: 2.723 GC heap before
{Heap before GC invocations=20 (full 1):
 PSYoungGen      total 99328K, used 3680K [0x00000000eaf80000, 0x00000000f1880000, 0x0000000100000000)
  eden space 91136K, 0% used [0x00000000eaf80000,0x00000000eaf80000,0x00000000f0880000)
  from space 8192K, 44% used [0x00000000f0880000,0x00000000f0c18000,0x00000000f1080000)
  to   space 8192K, 0% used [0x00000000f1080000,0x00000000f1080000,0x00000000f1880000)
 ParOldGen       total 44032K, used 40314K [0x00000000c0e00000, 0x00000000c3900000, 0x00000000eaf80000)
  object space 44032K, 91% used [0x00000000c0e00000,0x00000000c355e878,0x00000000c3900000)
 Metaspace       used 5565K, capacity 5784K, committed 6144K, reserved 1056768K
  class space    used 596K, capacity 649K, committed 768K, reserved 1048576K
Event: 3.169 GC heap after
Heap after GC invocations=20 (full 1):
 PSYoungGen      total 99328K, used 0K [0x00000000eaf80000, 0x00000000f1880000, 0x0000000100000000)
  eden space 91136K, 0% used [0x00000000eaf80000,0x00000000eaf80000,0x00000000f0880000)
  from space 8192K, 0% used [0x00000000f0880000,0x00000000f0880000,0x00000000f1080000)
  to   space 8192K, 0% used [0x00000000f1080000,0x00000000f1080000,0x00000000f1880000)
 ParOldGen       total 44032K, used 41965K [0x00000000c0e00000, 0x00000000c3900000, 0x00000000eaf80000)
  object space 44032K, 95% used [0x00000000c0e00000,0x00000000c36fb7e8,0x00000000c3900000)
 Metaspace       used 5565K, capacity 5784K, committed 6144K, reserved 1056768K
  class space    used 596K, capacity 649K, committed 768K, reserved 1048576K
}
Event: 3.360 GC heap before
{Heap before GC invocations=21 (full 2):
 PSYoungGen      total 99328K, used 91136K [0x00000000eaf80000, 0x00000000f1880000, 0x0000000100000000)
  eden space 91136K, 100% used [0x00000000eaf80000,0x00000000f0880000,0x00000000f0880000)
  from space 8192K, 0% used [0x00000000f0880000,0x00000000f0880000,0x00000000f1080000)
  to   space 8192K, 0% used [0x00000000f1080000,0x00000000f1080000,0x00000000f1880000)
 ParOldGen       total 44032K, used 41965K [0x00000000c0e00000, 0x00000000c3900000, 0x00000000eaf80000)
  object space 44032K, 95% used [0x00000000c0e00000,0x00000000c36fb7e8,0x00000000c3900000)
 Metaspace       used 5565K, capacity 5784K, committed 6144K, reserved 1056768K
  class space    used 596K, capacity 649K, committed 768K, reserved 1048576K
Event: 3.622 GC heap after
Heap after GC invocations=21 (full 2):
 PSYoungGen      total 99328K, used 1681K [0x00000000eaf80000, 0x00000000f1880000, 0x0000000100000000)
  eden space 91136K, 1% used [0x00000000eaf80000,0x00000000eb124670,0x00000000f0880000)
  from space 8192K, 0% used [0x00000000f0880000,0x00000000f0880000,0x00000000f1080000)
  to   space 8192K, 0% used [0x00000000f1080000,0x00000000f1080000,0x00000000f1880000)
 ParOldGen       total 44032K, used 44025K [0x00000000c0e00000, 0x00000000c3900000, 0x00000000eaf80000)
  object space 44032K, 99% used [0x00000000c0e00000,0x00000000c38fe560,0x00000000c3900000)
 Metaspace       used 5565K, capacity 5784K, committed 6144K, reserved 1056768K
  class space    used 596K, capacity 649K, committed 768K, reserved 1048576K
}
Event: 3.795 GC heap before
{Heap before GC invocations=22 (full 3):
 PSYoungGen      total 99328K, used 91136K [0x00000000eaf80000, 0x00000000f1880000, 0x0000000100000000)
  eden space 91136K, 100% used [0x00000000eaf80000,0x00000000f0880000,0x00000000f0880000)
  from space 8192K, 0% used [0x00000000f0880000,0x00000000f0880000,0x00000000f1080000)
  to   space 8192K, 0% used [0x00000000f1080000,0x00000000f1080000,0x00000000f1880000)
 ParOldGen       total 44032K, used 44025K [0x00000000c0e00000, 0x00000000c3900000, 0x00000000eaf80000)
  object space 44032K, 99% used [0x00000000c0e00000,0x00000000c38fe560,0x00000000c3900000)
 Metaspace       used 5565K, capacity 5784K, committed 6144K, reserved 1056768K
  class space    used 596K, capacity 649K, committed 768K, reserved 1048576K
Event: 4.041 GC heap after
Heap after GC invocations=22 (full 3):
 PSYoungGen      total 99328K, used 5499K [0x00000000eaf80000, 0x00000000f1880000, 0x0000000100000000)
  eden space 91136K, 6% used [0x00000000eaf80000,0x00000000eb4defd8,0x00000000f0880000)
  from space 8192K, 0% used [0x00000000f0880000,0x00000000f0880000,0x00000000f1080000)
  to   space 8192K, 0% used [0x00000000f1080000,0x00000000f1080000,0x00000000f1880000)
 ParOldGen       total 44032K, used 44025K [0x00000000c0e00000, 0x00000000c3900000, 0x00000000eaf80000)
  object space 44032K, 99% used [0x00000000c0e00000,0x00000000c38fe428,0x00000000c3900000)
 Metaspace       used 5565K, capacity 5784K, committed 6144K, reserved 1056768K
  class space    used 596K, capacity 649K, committed 768K, reserved 1048576K
}
Event: 4.205 GC heap before
{Heap before GC invocations=23 (full 4):
 PSYoungGen      total 99328K, used 91136K [0x00000000eaf80000, 0x00000000f1880000, 0x0000000100000000)
  eden space 91136K, 100% used [0x00000000eaf80000,0x00000000f0880000,0x00000000f0880000)
  from space 8192K, 0% used [0x00000000f0880000,0x00000000f0880000,0x00000000f1080000)
  to   space 8192K, 0% used [0x00000000f1080000,0x00000000f1080000,0x00000000f1880000)
 ParOldGen       total 44032K, used 44025K [0x00000000c0e00000, 0x00000000c3900000, 0x00000000eaf80000)
  object space 44032K, 99% used [0x00000000c0e00000,0x00000000c38fe428,0x00000000c3900000)
 Metaspace       used 5565K, capacity 5784K, committed 6144K, reserved 1056768K
  class space    used 596K, capacity 649K, committed 768K, reserved 1048576K
Event: 4.406 GC heap after
Heap after GC invocations=23 (full 4):
 PSYoungGen      total 99328K, used 9113K [0x00000000eaf80000, 0x00000000f1880000, 0x0000000100000000)
  eden space 91136K, 9% used [0x00000000eaf80000,0x00000000eb866458,0x00000000f0880000)
  from space 8192K, 0% used [0x00000000f0880000,0x00000000f0880000,0x00000000f1080000)
  to   space 8192K, 0% used [0x00000000f1080000,0x00000000f1080000,0x00000000f1880000)
 ParOldGen       total 44032K, used 44025K [0x00000000c0e00000, 0x00000000c3900000, 0x00000000eaf80000)
  object space 44032K, 99% used [0x00000000c0e00000,0x00000000c38fe428,0x00000000c3900000)
 Metaspace       used 5565K, capacity 5784K, committed 6144K, reserved 1056768K
  class space    used 596K, capacity 649K, committed 768K, reserved 1048576K
}
Event: 4.559 GC heap before
{Heap before GC invocations=24 (full 5):
 PSYoungGen      total 99328K, used 91136K [0x00000000eaf80000, 0x00000000f1880000, 0x0000000100000000)
  eden space 91136K, 100% used [0x00000000eaf80000,0x00000000f0880000,0x00000000f0880000)
  from space 8192K, 0% used [0x00000000f0880000,0x00000000f0880000,0x00000000f1080000)
  to   space 8192K, 0% used [0x00000000f1080000,0x00000000f1080000,0x00000000f1880000)
 ParOldGen       total 44032K, used 44025K [0x00000000c0e00000, 0x00000000c3900000, 0x00000000eaf80000)
  object space 44032K, 99% used [0x00000000c0e00000,0x00000000c38fe428,0x00000000c3900000)
 Metaspace       used 5565K, capacity 5784K, committed 6144K, reserved 1056768K
  class space    used 596K, capacity 649K, committed 768K, reserved 1048576K
Event: 4.746 GC heap after
Heap after GC invocations=24 (full 5):
 PSYoungGen      total 99328K, used 12378K [0x00000000eaf80000, 0x00000000f1880000, 0x0000000100000000)
  eden space 91136K, 13% used [0x00000000eaf80000,0x00000000ebb96b88,0x00000000f0880000)
  from space 8192K, 0% used [0x00000000f0880000,0x00000000f0880000,0x00000000f1080000)
  to   space 8192K, 0% used [0x00000000f1080000,0x00000000f1080000,0x00000000f1880000)
 ParOldGen       total 44032K, used 44025K [0x00000000c0e00000, 0x00000000c3900000, 0x00000000eaf80000)
  object space 44032K, 99% used [0x00000000c0e00000,0x00000000c38fe428,0x00000000c3900000)
 Metaspace       used 5565K, capacity 5784K, committed 6144K, reserved 1056768K
  class space    used 596K, capacity 649K, committed 768K, reserved 1048576K
}

