# JRE version: Java(TM) SE Runtime Environment (8.0_77-b03) (build 1.8.0_77-b03)
# Java VM: Java HotSpot(TM) 64-Bit Server VM (25.77-b03 mixed mode windows-amd64 compressed oops)
Heap:
 PSYoungGen      total 330240K, used 137012K [0x00000000eaf80000, 0x0000000100000000, 0x0000000100000000)
  eden space 316928K, 40% used [0x00000000eaf80000,0x00000000f2d4d3d0,0x00000000fe500000)
  from space 13312K, 61% used [0x00000000ff300000,0x00000000ffb00000,0x0000000100000000)
  to   space 13824K, 0% used [0x00000000fe500000,0x00000000fe500000,0x00000000ff280000)
 ParOldGen       total 44032K, used 31158K [0x00000000c0e00000, 0x00000000c3900000, 0x00000000eaf80000)
  object space 44032K, 70% used [0x00000000c0e00000,0x00000000c2c6dbc8,0x00000000c3900000)
 Metaspace       used 5858K, capacity 6068K, committed 6400K, reserved 1056768K
  class space    used 609K, capacity 681K, committed 768K, reserved 1048576K
GC Heap History (10 events):
Event: 1.133 GC heap before
{Heap before GC invocations=8 (full 0):
 PSYoungGen      total 70144K, used 70133K [0x00000000eaf80000, 0x00000000f3b80000, 0x0000000100000000)
  eden space 65024K, 100% used [0x00000000eaf80000,0x00000000eef00000,0x00000000eef00000)
  from space 5120K, 99% used [0x00000000eef00000,0x00000000ef3fd7a0,0x00000000ef400000)
  to   space 6656K, 0% used [0x00000000f3500000,0x00000000f3500000,0x00000000f3b80000)
 ParOldGen       total 44032K, used 3832K [0x00000000c0e00000, 0x00000000c3900000, 0x00000000eaf80000)
  object space 44032K, 8% used [0x00000000c0e00000,0x00000000c11be070,0x00000000c3900000)
 Metaspace       used 5559K, capacity 5780K, committed 6144K, reserved 1056768K
  class space    used 596K, capacity 649K, committed 768K, reserved 1048576K
Event: 1.143 GC heap after
Heap after GC invocations=8 (full 0):
 PSYoungGen      total 135168K, used 6624K [0x00000000eaf80000, 0x00000000f3e80000, 0x0000000100000000)
  eden space 128512K, 0% used [0x00000000eaf80000,0x00000000eaf80000,0x00000000f2d00000)
  from space 6656K, 99% used [0x00000000f3500000,0x00000000f3b78368,0x00000000f3b80000)
  to   space 8192K, 0% used [0x00000000f2d00000,0x00000000f2d00000,0x00000000f3500000)
 ParOldGen       total 44032K, used 5096K [0x00000000c0e00000, 0x00000000c3900000, 0x00000000eaf80000)
  object space 44032K, 11% used [0x00000000c0e00000,0x00000000c12fa070,0x00000000c3900000)
 Metaspace       used 5559K, capacity 5780K, committed 6144K, reserved 1056768K
  class space    used 596K, capacity 649K, committed 768K, reserved 1048576K
}
Event: 1.419 GC heap before
{Heap before GC invocations=9 (full 0):
 PSYoungGen      total 135168K, used 135136K [0x00000000eaf80000, 0x00000000f3e80000, 0x0000000100000000)
  eden space 128512K, 100% used [0x00000000eaf80000,0x00000000f2d00000,0x00000000f2d00000)
  from space 6656K, 99% used [0x00000000f3500000,0x00000000f3b78368,0x00000000f3b80000)
  to   space 8192K, 0% used [0x00000000f2d00000,0x00000000f2d00000,0x00000000f3500000)
 ParOldGen       total 44032K, used 5096K [0x00000000c0e00000, 0x00000000c3900000, 0x00000000eaf80000)
  object space 44032K, 11% used [0x00000000c0e00000,0x00000000c12fa070,0x00000000c3900000)
 Metaspace       used 5559K, capacity 5780K, committed 6144K, reserved 1056768K
  class space    used 596K, capacity 649K, committed 768K, reserved 1048576K
Event: 1.435 GC heap after
Heap after GC invocations=9 (full 0):
 PSYoungGen      total 136704K, used 8177K [0x00000000eaf80000, 0x00000000f8e80000, 0x0000000100000000)
  eden space 128512K, 0% used [0x00000000eaf80000,0x00000000eaf80000,0x00000000f2d00000)
  from space 8192K, 99% used [0x00000000f2d00000,0x00000000f34fc518,0x00000000f3500000)
  to   space 11264K, 0% used [0x00000000f8380000,0x00000000f8380000,0x00000000f8e80000)
 ParOldGen       total 44032K, used 8936K [0x00000000c0e00000, 0x00000000c3900000, 0x00000000eaf80000)
  object space 44032K, 20% used [0x00000000c0e00000,0x00000000c16ba070,0x00000000c3900000)
 Metaspace       used 5559K, capacity 5780K, committed 6144K, reserved 1056768K
  class space    used 596K, capacity 649K, committed 768K, reserved 1048576K
}
Event: 1.634 GC heap before
{Heap before GC invocations=10 (full 0):
 PSYoungGen      total 136704K, used 136689K [0x00000000eaf80000, 0x00000000f8e80000, 0x0000000100000000)
  eden space 128512K, 100% used [0x00000000eaf80000,0x00000000f2d00000,0x00000000f2d00000)
  from space 8192K, 99% used [0x00000000f2d00000,0x00000000f34fc518,0x00000000f3500000)
  to   space 11264K, 0% used [0x00000000f8380000,0x00000000f8380000,0x00000000f8e80000)
 ParOldGen       total 44032K, used 8936K [0x00000000c0e00000, 0x00000000c3900000, 0x00000000eaf80000)
  object space 44032K, 20% used [0x00000000c0e00000,0x00000000c16ba070,0x00000000c3900000)
 Metaspace       used 5559K, capacity 5780K, committed 6144K, reserved 1056768K
  class space    used 596K, capacity 649K, committed 768K, reserved 1048576K
Event: 1.653 GC heap after
Heap after GC invocations=10 (full 0):
 PSYoungGen      total 215552K, used 11209K [0x00000000eaf80000, 0x00000000f9180000, 0x0000000100000000)
  eden space 204288K, 0% used [0x00000000eaf80000,0x00000000eaf80000,0x00000000f7700000)
  from space 11264K, 99% used [0x00000000f8380000,0x00000000f8e72798,0x00000000f8e80000)
  to   space 12800K, 0% used [0x00000000f7700000,0x00000000f7700000,0x00000000f8380000)
 ParOldGen       total 44032K, used 11368K [0x00000000c0e00000, 0x00000000c3900000, 0x00000000eaf80000)
  object space 44032K, 25% used [0x00000000c0e00000,0x00000000c191a070,0x00000000c3900000)
 Metaspace       used 5559K, capacity 5780K, committed 6144K, reserved 1056768K
  class space    used 596K, capacity 649K, committed 768K, reserved 1048576K
}
Event: 1.955 GC heap before
{Heap before GC invocations=11 (full 0):
 PSYoungGen      total 215552K, used 215497K [0x00000000eaf80000, 0x00000000f9180000, 0x0000000100000000)
  eden space 204288K, 100% used [0x00000000eaf80000,0x00000000f7700000,0x00000000f7700000)
  from space 11264K, 99% used [0x00000000f8380000,0x00000000f8e72798,0x00000000f8e80000)
  to   space 12800K, 0% used [0x00000000f7700000,0x00000000f7700000,0x00000000f8380000)
 ParOldGen       total 44032K, used 11368K [0x00000000c0e00000, 0x00000000c3900000, 0x00000000eaf80000)
  object space 44032K, 25% used [0x00000000c0e00000,0x00000000c191a070,0x00000000c3900000)
 Metaspace       used 5559K, capacity 5780K, committed 6144K, reserved 1056768K
  class space    used 596K, capacity 649K, committed 768K, reserved 1048576K
Event: 1.984 GC heap after
Heap after GC invocations=11 (full 0):
 PSYoungGen      total 217088K, used 9534K [0x00000000eaf80000, 0x0000000100000000, 0x0000000100000000)
  eden space 204288K, 0% used [0x00000000eaf80000,0x00000000eaf80000,0x00000000f7700000)
  from space 12800K, 74% used [0x00000000f7700000,0x00000000f804fb58,0x00000000f8380000)
  to   space 13312K, 0% used [0x00000000ff300000,0x00000000ff300000,0x0000000100000000)
 ParOldGen       total 44032K, used 21640K [0x00000000c0e00000, 0x00000000c3900000, 0x00000000eaf80000)
  object space 44032K, 49% used [0x00000000c0e00000,0x00000000c2322070,0x00000000c3900000)
 Metaspace       used 5559K, capacity 5780K, committed 6144K, reserved 1056768K
  class space    used 596K, capacity 649K, committed 768K, reserved 1048576K
}
Event: 2.271 GC heap before
{Heap before GC invocations=12 (full 0):
 PSYoungGen      total 217088K, used 213822K [0x00000000eaf80000, 0x0000000100000000, 0x0000000100000000)
  eden space 204288K, 100% used [0x00000000eaf80000,0x00000000f7700000,0x00000000f7700000)
  from space 12800K, 74% used [0x00000000f7700000,0x00000000f804fb58,0x00000000f8380000)
  to   space 13312K, 0% used [0x00000000ff300000,0x00000000ff300000,0x0000000100000000)
 ParOldGen       total 44032K, used 21640K [0x00000000c0e00000, 0x00000000c3900000, 0x00000000eaf80000)
  object space 44032K, 49% used [0x00000000c0e00000,0x00000000c2322070,0x00000000c3900000)
 Metaspace       used 5559K, capacity 5780K, committed 6144K, reserved 1056768K
  class space    used 596K, capacity 649K, committed 768K, reserved 1048576K
Event: 2.298 GC heap after
Heap after GC invocations=12 (full 0):
 PSYoungGen      total 330240K, used 8192K [0x00000000eaf80000, 0x0000000100000000, 0x0000000100000000)
  eden space 316928K, 0% used [0x00000000eaf80000,0x00000000eaf80000,0x00000000fe500000)
  from space 13312K, 61% used [0x00000000ff300000,0x00000000ffb00000,0x0000000100000000)
  to   space 13824K, 0% used [0x00000000fe500000,0x00000000fe500000,0x00000000ff280000)
 ParOldGen       total 44032K, used 31158K [0x00000000c0e00000, 0x00000000c3900000, 0x00000000eaf80000)
  object space 44032K, 70% used [0x00000000c0e00000,0x00000000c2c6dbc8,0x00000000c3900000)
 Metaspace       used 5559K, capacity 5780K, committed 6144K, reserved 1056768K
  class space    used 596K, capacity 649K, committed 768K, reserved 1048576K
}

