# JRE version: Java(TM) SE Runtime Environment (8.0_77-b03) (build 1.8.0_77-b03)
# Java VM: Java HotSpot(TM) 64-Bit Server VM (25.77-b03 mixed mode windows-amd64 compressed oops)
Heap:
 PSYoungGen      total 217088K, used 97832K [0x00000000eaf80000, 0x00000000f9380000, 0x0000000100000000)
  eden space 203264K, 45% used [0x00000000eaf80000,0x00000000f0ac5df0,0x00000000f7600000)
  from space 13824K, 31% used [0x00000000f7600000,0x00000000f7a44348,0x00000000f8380000)
  to   space 11264K, 0% used [0x00000000f8380000,0x00000000f8380000,0x00000000f8e80000)
 ParOldGen       total 81408K, used 43795K [0x00000000c0e00000, 0x00000000c5d80000, 0x00000000eaf80000)
  object space 81408K, 53% used [0x00000000c0e00000,0x00000000c38c4f88,0x00000000c5d80000)
 Metaspace       used 5565K, capacity 5784K, committed 6144K, reserved 1056768K
  class space    used 596K, capacity 649K, committed 768K, reserved 1048576K
GC Heap History (10 events):
Event: 4.163 GC heap before
{Heap before GC invocations=10 (full 0):
 PSYoungGen      total 136704K, used 136689K [0x00000000eaf80000, 0x00000000f8e80000, 0x0000000100000000)
  eden space 128512K, 100% used [0x00000000eaf80000,0x00000000f2d00000,0x00000000f2d00000)
  from space 8192K, 99% used [0x00000000f2d00000,0x00000000f34fc518,0x00000000f3500000)
  to   space 11264K, 0% used [0x00000000f8380000,0x00000000f8380000,0x00000000f8e80000)
 ParOldGen       total 44032K, used 9180K [0x00000000c0e00000, 0x00000000c3900000, 0x00000000eaf80000)
  object space 44032K, 20% used [0x00000000c0e00000,0x00000000c16f7080,0x00000000c3900000)
 Metaspace       used 5563K, capacity 5784K, committed 6144K, reserved 1056768K
  class space    used 596K, capacity 649K, committed 768K, reserved 1048576K
Event: 4.187 GC heap after
Heap after GC invocations=10 (full 0):
 PSYoungGen      total 214528K, used 11241K [0x00000000eaf80000, 0x00000000f9380000, 0x0000000100000000)
  eden space 203264K, 0% used [0x00000000eaf80000,0x00000000eaf80000,0x00000000f7600000)
  from space 11264K, 99% used [0x00000000f8380000,0x00000000f8e7a798,0x00000000f8e80000)
  to   space 13824K, 0% used [0x00000000f7600000,0x00000000f7600000,0x00000000f8380000)
 ParOldGen       total 44032K, used 11692K [0x00000000c0e00000, 0x00000000c3900000, 0x00000000eaf80000)
  object space 44032K, 26% used [0x00000000c0e00000,0x00000000c196b080,0x00000000c3900000)
 Metaspace       used 5563K, capacity 5784K, committed 6144K, reserved 1056768K
  class space    used 596K, capacity 649K, committed 768K, reserved 1048576K
}
Event: 4.624 GC heap before
{Heap before GC invocations=11 (full 0):
 PSYoungGen      total 214528K, used 214505K [0x00000000eaf80000, 0x00000000f9380000, 0x0000000100000000)
  eden space 203264K, 100% used [0x00000000eaf80000,0x00000000f7600000,0x00000000f7600000)
  from space 11264K, 99% used [0x00000000f8380000,0x00000000f8e7a798,0x00000000f8e80000)
  to   space 13824K, 0% used [0x00000000f7600000,0x00000000f7600000,0x00000000f8380000)
 ParOldGen       total 44032K, used 11692K [0x00000000c0e00000, 0x00000000c3900000, 0x00000000eaf80000)
  object space 44032K, 26% used [0x00000000c0e00000,0x00000000c196b080,0x00000000c3900000)
 Metaspace       used 5563K, capacity 5784K, committed 6144K, reserved 1056768K
  class space    used 596K, capacity 649K, committed 768K, reserved 1048576K
Event: 4.656 GC heap after
Heap after GC invocations=11 (full 0):
 PSYoungGen      total 217088K, used 9726K [0x00000000eaf80000, 0x00000000f9380000, 0x0000000100000000)
  eden space 203264K, 0% used [0x00000000eaf80000,0x00000000eaf80000,0x00000000f7600000)
  from space 13824K, 70% used [0x00000000f7600000,0x00000000f7f7fb58,0x00000000f8380000)
  to   space 11264K, 0% used [0x00000000f8380000,0x00000000f8380000,0x00000000f8e80000)
 ParOldGen       total 44032K, used 22020K [0x00000000c0e00000, 0x00000000c3900000, 0x00000000eaf80000)
  object space 44032K, 50% used [0x00000000c0e00000,0x00000000c2381080,0x00000000c3900000)
 Metaspace       used 5563K, capacity 5784K, committed 6144K, reserved 1056768K
  class space    used 596K, capacity 649K, committed 768K, reserved 1048576K
}
Event: 5.059 GC heap before
{Heap before GC invocations=12 (full 0):
 PSYoungGen      total 217088K, used 212990K [0x00000000eaf80000, 0x00000000f9380000, 0x0000000100000000)
  eden space 203264K, 100% used [0x00000000eaf80000,0x00000000f7600000,0x00000000f7600000)
  from space 13824K, 70% used [0x00000000f7600000,0x00000000f7f7fb58,0x00000000f8380000)
  to   space 11264K, 0% used [0x00000000f8380000,0x00000000f8380000,0x00000000f8e80000)
 ParOldGen       total 44032K, used 22020K [0x00000000c0e00000, 0x00000000c3900000, 0x00000000eaf80000)
  object space 44032K, 50% used [0x00000000c0e00000,0x00000000c2381080,0x00000000c3900000)
 Metaspace       used 5563K, capacity 5784K, committed 6144K, reserved 1056768K
  class space    used 596K, capacity 649K, committed 768K, reserved 1048576K
Event: 5.093 GC heap after
Heap after GC invocations=12 (full 0):
 PSYoungGen      total 214528K, used 8352K [0x00000000eaf80000, 0x00000000f9380000, 0x0000000100000000)
  eden space 203264K, 0% used [0x00000000eaf80000,0x00000000eaf80000,0x00000000f7600000)
  from space 11264K, 74% used [0x00000000f8380000,0x00000000f8ba8000,0x00000000f8e80000)
  to   space 13824K, 0% used [0x00000000f7600000,0x00000000f7600000,0x00000000f8380000)
 ParOldGen       total 44032K, used 31714K [0x00000000c0e00000, 0x00000000c3900000, 0x00000000eaf80000)
  object space 44032K, 72% used [0x00000000c0e00000,0x00000000c2cf8bd8,0x00000000c3900000)
 Metaspace       used 5563K, capacity 5784K, committed 6144K, reserved 1056768K
  class space    used 596K, capacity 649K, committed 768K, reserved 1048576K
}
Event: 5.653 GC heap before
{Heap before GC invocations=13 (full 0):
 PSYoungGen      total 214528K, used 211616K [0x00000000eaf80000, 0x00000000f9380000, 0x0000000100000000)
  eden space 203264K, 100% used [0x00000000eaf80000,0x00000000f7600000,0x00000000f7600000)
  from space 11264K, 74% used [0x00000000f8380000,0x00000000f8ba8000,0x00000000f8e80000)
  to   space 13824K, 0% used [0x00000000f7600000,0x00000000f7600000,0x00000000f8380000)
 ParOldGen       total 44032K, used 31714K [0x00000000c0e00000, 0x00000000c3900000, 0x00000000eaf80000)
  object space 44032K, 72% used [0x00000000c0e00000,0x00000000c2cf8bd8,0x00000000c3900000)
 Metaspace       used 5565K, capacity 5784K, committed 6144K, reserved 1056768K
  class space    used 596K, capacity 649K, committed 768K, reserved 1048576K
Event: 5.684 GC heap after
Heap after GC invocations=13 (full 0):
 PSYoungGen      total 217088K, used 8505K [0x00000000eaf80000, 0x00000000f9380000, 0x0000000100000000)
  eden space 203264K, 0% used [0x00000000eaf80000,0x00000000eaf80000,0x00000000f7600000)
  from space 13824K, 61% used [0x00000000f7600000,0x00000000f7e4e520,0x00000000f8380000)
  to   space 11264K, 0% used [0x00000000f8380000,0x00000000f8380000,0x00000000f8e80000)
 ParOldGen       total 44032K, used 40058K [0x00000000c0e00000, 0x00000000c3900000, 0x00000000eaf80000)
  object space 44032K, 90% used [0x00000000c0e00000,0x00000000c351ebd8,0x00000000c3900000)
 Metaspace       used 5565K, capacity 5784K, committed 6144K, reserved 1056768K
  class space    used 596K, capacity 649K, committed 768K, reserved 1048576K
}
Event: 5.684 GC heap before
{Heap before GC invocations=14 (full 1):
 PSYoungGen      total 217088K, used 8505K [0x00000000eaf80000, 0x00000000f9380000, 0x0000000100000000)
  eden space 203264K, 0% used [0x00000000eaf80000,0x00000000eaf80000,0x00000000f7600000)
  from space 13824K, 61% used [0x00000000f7600000,0x00000000f7e4e520,0x00000000f8380000)
  to   space 11264K, 0% used [0x00000000f8380000,0x00000000f8380000,0x00000000f8e80000)
 ParOldGen       total 44032K, used 40058K [0x00000000c0e00000, 0x00000000c3900000, 0x00000000eaf80000)
  object space 44032K, 90% used [0x00000000c0e00000,0x00000000c351ebd8,0x00000000c3900000)
 Metaspace       used 5565K, capacity 5784K, committed 6144K, reserved 1056768K
  class space    used 596K, capacity 649K, committed 768K, reserved 1048576K
Event: 6.483 GC heap after
Heap after GC invocations=14 (full 1):
 PSYoungGen      total 217088K, used 4368K [0x00000000eaf80000, 0x00000000f9380000, 0x0000000100000000)
  eden space 203264K, 0% used [0x00000000eaf80000,0x00000000eaf80000,0x00000000f7600000)
  from space 13824K, 31% used [0x00000000f7600000,0x00000000f7a44348,0x00000000f8380000)
  to   space 11264K, 0% used [0x00000000f8380000,0x00000000f8380000,0x00000000f8e80000)
 ParOldGen       total 81408K, used 43795K [0x00000000c0e00000, 0x00000000c5d80000, 0x00000000eaf80000)
  object space 81408K, 53% used [0x00000000c0e00000,0x00000000c38c4f88,0x00000000c5d80000)
 Metaspace       used 5565K, capacity 5784K, committed 6144K, reserved 1056768K
  class space    used 596K, capacity 649K, committed 768K, reserved 1048576K
}

